# JRE version: Java(TM) SE Runtime Environment (18.0.2+9) (build 18.0.2+9-61)
# Java VM: Java HotSpot(TM) 64-Bit Server VM (18.0.2+9-61, mixed mode, sharing, tiered, compressed oops, compressed class ptrs, g1 gc, windows-amd64)
GC Precious Log:
 CardTable entry size: 512
 Card Set container configuration: InlinePtr #cards 5 size 8 Array Of Cards #cards 12 size 40 Howl #buckets 4 coarsen threshold 1843 Howl Bitmap #cards 512 size 80 coarsen threshold 460 Card regions per heap region 1 cards per card region 2048
 CPUs: 8 total, 8 available
 Memory: 20122M
 Large Page Support: Disabled
 NUMA Support: Disabled
 Compressed Oops: Enabled (32-bit)
 Heap Region Size: 1M
 Heap Min Capacity: 8M
 Heap Initial Capacity: 316M
 Heap Max Capacity: 2G
 Pre-touch: Disabled
 Parallel Workers: 8
 Concurrent Workers: 2
 Concurrent Refinement Workers: 8
 Periodic GC: Disabled
Heap:
 garbage-first heap   total 228352K, used 163069K [0x0000000080000000, 0x0000000100000000)
  region size 1024K, 26 young (26624K), 7 survivors (7168K)
 Metaspace       used 101114K, committed 103232K, reserved 1179648K
  class space    used 13470K, committed 14592K, reserved 1048576K
GC Heap History (20 events):
Event: 9.868 GC heap before
{Heap before GC invocations=32 (full 0):
 garbage-first heap   total 228352K, used 180969K [0x0000000080000000, 0x0000000100000000)
  region size 1024K, 83 young (84992K), 8 survivors (8192K)
 Metaspace       used 87966K, committed 89984K, reserved 1179648K
  class space    used 12027K, committed 13120K, reserved 1048576K
}
Event: 9.874 GC heap after
{Heap after GC invocations=33 (full 0):
 garbage-first heap   total 228352K, used 111118K [0x0000000080000000, 0x0000000100000000)
  region size 1024K, 8 young (8192K), 8 survivors (8192K)
 Metaspace       used 87966K, committed 89984K, reserved 1179648K
  class space    used 12027K, committed 13120K, reserved 1048576K
}
Event: 10.493 GC heap before
{Heap before GC invocations=33 (full 0):
 garbage-first heap   total 228352K, used 184846K [0x0000000080000000, 0x0000000100000000)
  region size 1024K, 79 young (80896K), 8 survivors (8192K)
 Metaspace       used 88695K, committed 90752K, reserved 1179648K
  class space    used 12099K, committed 13184K, reserved 1048576K
}
Event: 10.502 GC heap after
{Heap after GC invocations=34 (full 0):
 garbage-first heap   total 228352K, used 119227K [0x0000000080000000, 0x0000000100000000)
  region size 1024K, 10 young (10240K), 10 survivors (10240K)
 Metaspace       used 88695K, committed 90752K, reserved 1179648K
  class space    used 12099K, committed 13184K, reserved 1048576K
}
Event: 16.043 GC heap before
{Heap before GC invocations=34 (full 0):
 garbage-first heap   total 228352K, used 181691K [0x0000000080000000, 0x0000000100000000)
  region size 1024K, 72 young (73728K), 10 survivors (10240K)
 Metaspace       used 89739K, committed 91776K, reserved 1179648K
  class space    used 12258K, committed 13312K, reserved 1048576K
}
Event: 16.047 GC heap after
{Heap after GC invocations=35 (full 0):
 garbage-first heap   total 228352K, used 117525K [0x0000000080000000, 0x0000000100000000)
  region size 1024K, 3 young (3072K), 3 survivors (3072K)
 Metaspace       used 89739K, committed 91776K, reserved 1179648K
  class space    used 12258K, committed 13312K, reserved 1048576K
}
Event: 16.732 GC heap before
{Heap before GC invocations=35 (full 0):
 garbage-first heap   total 228352K, used 184085K [0x0000000080000000, 0x0000000100000000)
  region size 1024K, 69 young (70656K), 3 survivors (3072K)
 Metaspace       used 92200K, committed 94272K, reserved 1179648K
  class space    used 12536K, committed 13632K, reserved 1048576K
}
Event: 16.737 GC heap after
{Heap after GC invocations=36 (full 0):
 garbage-first heap   total 228352K, used 121453K [0x0000000080000000, 0x0000000100000000)
  region size 1024K, 7 young (7168K), 7 survivors (7168K)
 Metaspace       used 92200K, committed 94272K, reserved 1179648K
  class space    used 12536K, committed 13632K, reserved 1048576K
}
Event: 54.295 GC heap before
{Heap before GC invocations=36 (full 0):
 garbage-first heap   total 228352K, used 185965K [0x0000000080000000, 0x0000000100000000)
  region size 1024K, 71 young (72704K), 7 survivors (7168K)
 Metaspace       used 96283K, committed 98432K, reserved 1179648K
  class space    used 13061K, committed 14208K, reserved 1048576K
}
Event: 54.300 GC heap after
{Heap after GC invocations=37 (full 0):
 garbage-first heap   total 228352K, used 122829K [0x0000000080000000, 0x0000000100000000)
  region size 1024K, 2 young (2048K), 2 survivors (2048K)
 Metaspace       used 96283K, committed 98432K, reserved 1179648K
  class space    used 13061K, committed 14208K, reserved 1048576K
}
Event: 86.176 GC heap before
{Heap before GC invocations=37 (full 0):
 garbage-first heap   total 228352K, used 188365K [0x0000000080000000, 0x0000000100000000)
  region size 1024K, 67 young (68608K), 2 survivors (2048K)
 Metaspace       used 99080K, committed 101248K, reserved 1179648K
  class space    used 13256K, committed 14400K, reserved 1048576K
}
Event: 86.181 GC heap after
{Heap after GC invocations=38 (full 0):
 garbage-first heap   total 228352K, used 128981K [0x0000000080000000, 0x0000000100000000)
  region size 1024K, 8 young (8192K), 8 survivors (8192K)
 Metaspace       used 99080K, committed 101248K, reserved 1179648K
  class space    used 13256K, committed 14400K, reserved 1048576K
}
Event: 86.573 GC heap before
{Heap before GC invocations=38 (full 0):
 garbage-first heap   total 228352K, used 188373K [0x0000000080000000, 0x0000000100000000)
  region size 1024K, 67 young (68608K), 8 survivors (8192K)
 Metaspace       used 99279K, committed 101440K, reserved 1179648K
  class space    used 13257K, committed 14400K, reserved 1048576K
}
Event: 86.586 GC heap after
{Heap after GC invocations=39 (full 0):
 garbage-first heap   total 228352K, used 136551K [0x0000000080000000, 0x0000000100000000)
  region size 1024K, 8 young (8192K), 8 survivors (8192K)
 Metaspace       used 99279K, committed 101440K, reserved 1179648K
  class space    used 13257K, committed 14400K, reserved 1048576K
}
Event: 90.775 GC heap before
{Heap before GC invocations=39 (full 0):
 garbage-first heap   total 228352K, used 187751K [0x0000000080000000, 0x0000000100000000)
  region size 1024K, 59 young (60416K), 8 survivors (8192K)
 Metaspace       used 99573K, committed 101824K, reserved 1179648K
  class space    used 13299K, committed 14464K, reserved 1048576K
}
Event: 90.780 GC heap after
{Heap after GC invocations=40 (full 0):
 garbage-first heap   total 228352K, used 139079K [0x0000000080000000, 0x0000000100000000)
  region size 1024K, 3 young (3072K), 3 survivors (3072K)
 Metaspace       used 99573K, committed 101824K, reserved 1179648K
  class space    used 13299K, committed 14464K, reserved 1048576K
}
Event: 119.746 GC heap before
{Heap before GC invocations=40 (full 0):
 garbage-first heap   total 228352K, used 189255K [0x0000000080000000, 0x0000000100000000)
  region size 1024K, 53 young (54272K), 3 survivors (3072K)
 Metaspace       used 99742K, committed 101952K, reserved 1179648K
  class space    used 13303K, committed 14464K, reserved 1048576K
}
Event: 119.748 GC heap after
{Heap after GC invocations=41 (full 0):
 garbage-first heap   total 228352K, used 138964K [0x0000000080000000, 0x0000000100000000)
  region size 1024K, 3 young (3072K), 3 survivors (3072K)
 Metaspace       used 99742K, committed 101952K, reserved 1179648K
  class space    used 13303K, committed 14464K, reserved 1048576K
}
Event: 120.100 GC heap before
{Heap before GC invocations=41 (full 0):
 garbage-first heap   total 228352K, used 191188K [0x0000000080000000, 0x0000000100000000)
  region size 1024K, 55 young (56320K), 3 survivors (3072K)
 Metaspace       used 100817K, committed 103040K, reserved 1179648K
  class space    used 13440K, committed 14592K, reserved 1048576K
}
Event: 120.107 GC heap after
{Heap after GC invocations=42 (full 0):
 garbage-first heap   total 228352K, used 145661K [0x0000000080000000, 0x0000000100000000)
  region size 1024K, 7 young (7168K), 7 survivors (7168K)
 Metaspace       used 100817K, committed 103040K, reserved 1179648K
  class space    used 13440K, committed 14592K, reserved 1048576K
}

