# JRE version: Java(TM) SE Runtime Environment (18.0.2+9) (build 18.0.2+9-61)
# Java VM: Java HotSpot(TM) 64-Bit Server VM (18.0.2+9-61, mixed mode, sharing, tiered, compressed oops, compressed class ptrs, g1 gc, windows-amd64)
GC Precious Log:
 CardTable entry size: 512
 Card Set container configuration: InlinePtr #cards 4 size 8 Array Of Cards #cards 32 size 80 Howl #buckets 8 coarsen threshold 7372 Howl Bitmap #cards 1024 size 144 coarsen threshold 921 Card regions per heap region 1 cards per card region 8192
 CPUs: 8 total, 8 available
 Memory: 20122M
 Large Page Support: Disabled
 NUMA Support: Disabled
 Compressed Oops: Enabled (Zero based)
 Heap Region Size: 4M
 Heap Min Capacity: 8M
 Heap Initial Capacity: 316M
 Heap Max Capacity: 5032M
 Pre-touch: Disabled
 Parallel Workers: 8
 Concurrent Workers: 2
 Concurrent Refinement Workers: 8
 Periodic GC: Disabled
Heap:
 garbage-first heap   total 503808K, used 301711K [0x00000006c5800000, 0x0000000800000000)
  region size 4096K, 2 young (8192K), 2 survivors (8192K)
 Metaspace       used 84100K, committed 85056K, reserved 1179648K
  class space    used 8653K, committed 9152K, reserved 1048576K
GC Heap History (20 events):
Event: 14.977 GC heap after
{Heap after GC invocations=36 (full 0):
 garbage-first heap   total 270336K, used 156217K [0x00000006c5800000, 0x0000000800000000)
  region size 4096K, 3 young (12288K), 3 survivors (12288K)
 Metaspace       used 61520K, committed 62272K, reserved 1114112K
  class space    used 6712K, committed 7104K, reserved 1048576K
}
Event: 15.369 GC heap before
{Heap before GC invocations=36 (full 0):
 garbage-first heap   total 270336K, used 221753K [0x00000006c5800000, 0x0000000800000000)
  region size 4096K, 19 young (77824K), 3 survivors (12288K)
 Metaspace       used 61922K, committed 62720K, reserved 1114112K
  class space    used 6731K, committed 7168K, reserved 1048576K
}
Event: 15.381 GC heap after
{Heap after GC invocations=37 (full 0):
 garbage-first heap   total 270336K, used 157844K [0x00000006c5800000, 0x0000000800000000)
  region size 4096K, 2 young (8192K), 2 survivors (8192K)
 Metaspace       used 61922K, committed 62720K, reserved 1114112K
  class space    used 6731K, committed 7168K, reserved 1048576K
}
Event: 16.183 GC heap before
{Heap before GC invocations=38 (full 0):
 garbage-first heap   total 315392K, used 223380K [0x00000006c5800000, 0x0000000800000000)
  region size 4096K, 18 young (73728K), 2 survivors (8192K)
 Metaspace       used 67008K, committed 67840K, reserved 1114112K
  class space    used 7186K, committed 7616K, reserved 1048576K
}
Event: 16.189 GC heap after
{Heap after GC invocations=39 (full 0):
 garbage-first heap   total 315392K, used 159659K [0x00000006c5800000, 0x0000000800000000)
  region size 4096K, 3 young (12288K), 3 survivors (12288K)
 Metaspace       used 67008K, committed 67840K, reserved 1114112K
  class space    used 7186K, committed 7616K, reserved 1048576K
}
Event: 16.287 GC heap before
{Heap before GC invocations=39 (full 0):
 garbage-first heap   total 315392K, used 163755K [0x00000006c5800000, 0x0000000800000000)
  region size 4096K, 4 young (16384K), 3 survivors (12288K)
 Metaspace       used 67513K, committed 68352K, reserved 1114112K
  class space    used 7254K, committed 7680K, reserved 1048576K
}
Event: 16.295 GC heap after
{Heap after GC invocations=40 (full 0):
 garbage-first heap   total 503808K, used 159277K [0x00000006c5800000, 0x0000000800000000)
  region size 4096K, 1 young (4096K), 1 survivors (4096K)
 Metaspace       used 67513K, committed 68352K, reserved 1114112K
  class space    used 7254K, committed 7680K, reserved 1048576K
}
Event: 18.459 GC heap before
{Heap before GC invocations=40 (full 0):
 garbage-first heap   total 503808K, used 409133K [0x00000006c5800000, 0x0000000800000000)
  region size 4096K, 63 young (258048K), 1 survivors (4096K)
 Metaspace       used 71482K, committed 72384K, reserved 1114112K
  class space    used 7595K, committed 8064K, reserved 1048576K
}
Event: 18.487 GC heap after
{Heap after GC invocations=41 (full 0):
 garbage-first heap   total 503808K, used 210051K [0x00000006c5800000, 0x0000000800000000)
  region size 4096K, 8 young (32768K), 8 survivors (32768K)
 Metaspace       used 71482K, committed 72384K, reserved 1114112K
  class space    used 7595K, committed 8064K, reserved 1048576K
}
Event: 19.458 GC heap before
{Heap before GC invocations=41 (full 0):
 garbage-first heap   total 503808K, used 361603K [0x00000006c5800000, 0x0000000800000000)
  region size 4096K, 45 young (184320K), 8 survivors (32768K)
 Metaspace       used 72205K, committed 73024K, reserved 1179648K
  class space    used 7632K, committed 8064K, reserved 1048576K
}
Event: 19.511 GC heap after
{Heap after GC invocations=42 (full 0):
 garbage-first heap   total 503808K, used 273193K [0x00000006c5800000, 0x0000000800000000)
  region size 4096K, 6 young (24576K), 6 survivors (24576K)
 Metaspace       used 72205K, committed 73024K, reserved 1179648K
  class space    used 7632K, committed 8064K, reserved 1048576K
}
Event: 20.369 GC heap before
{Heap before GC invocations=42 (full 0):
 garbage-first heap   total 503808K, used 379689K [0x00000006c5800000, 0x0000000800000000)
  region size 4096K, 32 young (131072K), 6 survivors (24576K)
 Metaspace       used 75784K, committed 76736K, reserved 1179648K
  class space    used 7966K, committed 8448K, reserved 1048576K
}
Event: 20.384 GC heap after
{Heap after GC invocations=43 (full 0):
 garbage-first heap   total 503808K, used 285879K [0x00000006c5800000, 0x0000000800000000)
  region size 4096K, 2 young (8192K), 2 survivors (8192K)
 Metaspace       used 75784K, committed 76736K, reserved 1179648K
  class space    used 7966K, committed 8448K, reserved 1048576K
}
Event: 21.492 GC heap before
{Heap before GC invocations=43 (full 0):
 garbage-first heap   total 503808K, used 392375K [0x00000006c5800000, 0x0000000800000000)
  region size 4096K, 28 young (114688K), 2 survivors (8192K)
 Metaspace       used 82399K, committed 83392K, reserved 1179648K
  class space    used 8577K, committed 9088K, reserved 1048576K
}
Event: 21.499 GC heap after
{Heap after GC invocations=44 (full 0):
 garbage-first heap   total 503808K, used 288006K [0x00000006c5800000, 0x0000000800000000)
  region size 4096K, 2 young (8192K), 2 survivors (8192K)
 Metaspace       used 82399K, committed 83392K, reserved 1179648K
  class space    used 8577K, committed 9088K, reserved 1048576K
}
Event: 22.427 GC heap before
{Heap before GC invocations=44 (full 0):
 garbage-first heap   total 503808K, used 398598K [0x00000006c5800000, 0x0000000800000000)
  region size 4096K, 29 young (118784K), 2 survivors (8192K)
 Metaspace       used 83601K, committed 84480K, reserved 1179648K
  class space    used 8635K, committed 9088K, reserved 1048576K
}
Event: 22.440 GC heap after
{Heap after GC invocations=45 (full 0):
 garbage-first heap   total 503808K, used 294744K [0x00000006c5800000, 0x0000000800000000)
  region size 4096K, 4 young (16384K), 4 survivors (16384K)
 Metaspace       used 83601K, committed 84480K, reserved 1179648K
  class space    used 8635K, committed 9088K, reserved 1048576K
}
Event: 23.098 GC heap before
{Heap before GC invocations=45 (full 0):
 garbage-first heap   total 503808K, used 405336K [0x00000006c5800000, 0x0000000800000000)
  region size 4096K, 31 young (126976K), 4 survivors (16384K)
 Metaspace       used 83853K, committed 84800K, reserved 1179648K
  class space    used 8641K, committed 9152K, reserved 1048576K
}
Event: 23.118 GC heap after
{Heap after GC invocations=46 (full 0):
 garbage-first heap   total 503808K, used 299883K [0x00000006c5800000, 0x0000000800000000)
  region size 4096K, 4 young (16384K), 4 survivors (16384K)
 Metaspace       used 83853K, committed 84800K, reserved 1179648K
  class space    used 8641K, committed 9152K, reserved 1048576K
}
Event: 23.595 GC heap before
{Heap before GC invocations=46 (full 0):
 garbage-first heap   total 503808K, used 406379K [0x00000006c5800000, 0x0000000800000000)
  region size 4096K, 30 young (122880K), 4 survivors (16384K)
 Metaspace       used 84100K, committed 85056K, reserved 1179648K
  class space    used 8653K, committed 9152K, reserved 1048576K
}

