# JRE version: Java(TM) SE Runtime Environment (18.0.2+9) (build 18.0.2+9-61)
# Java VM: Java HotSpot(TM) 64-Bit Server VM (18.0.2+9-61, mixed mode, sharing, tiered, compressed oops, compressed class ptrs, g1 gc, windows-amd64)
GC Precious Log:
 CardTable entry size: 512
 Card Set container configuration: InlinePtr #cards 4 size 8 Array Of Cards #cards 32 size 80 Howl #buckets 8 coarsen threshold 7372 Howl Bitmap #cards 1024 size 144 coarsen threshold 921 Card regions per heap region 1 cards per card region 8192
 CPUs: 8 total, 8 available
 Memory: 20122M
 Large Page Support: Disabled
 NUMA Support: Disabled
 Compressed Oops: Enabled (Zero based)
 Heap Region Size: 4M
 Heap Min Capacity: 8M
 Heap Initial Capacity: 316M
 Heap Max Capacity: 5032M
 Pre-touch: Disabled
 Parallel Workers: 8
 Concurrent Workers: 2
 Concurrent Refinement Workers: 8
 Periodic GC: Disabled
Heap:
 garbage-first heap   total 393216K, used 211303K [0x00000006c5800000, 0x0000000800000000)
  region size 4096K, 4 young (16384K), 4 survivors (16384K)
 Metaspace       used 88880K, committed 89792K, reserved 1179648K
  class space    used 9008K, committed 9472K, reserved 1048576K
GC Heap History (20 events):
Event: 17.764 GC heap after
{Heap after GC invocations=23 (full 0):
 garbage-first heap   total 278528K, used 172622K [0x00000006c5800000, 0x0000000800000000)
  region size 4096K, 3 young (12288K), 3 survivors (12288K)
 Metaspace       used 70900K, committed 71808K, reserved 1114112K
  class space    used 7607K, committed 8064K, reserved 1048576K
}
Event: 18.377 GC heap before
{Heap before GC invocations=24 (full 0):
 garbage-first heap   total 315392K, used 213582K [0x00000006c5800000, 0x0000000800000000)
  region size 4096K, 13 young (53248K), 3 survivors (12288K)
 Metaspace       used 73699K, committed 74560K, reserved 1179648K
  class space    used 7900K, committed 8320K, reserved 1048576K
}
Event: 18.387 GC heap after
{Heap after GC invocations=25 (full 0):
 garbage-first heap   total 315392K, used 179029K [0x00000006c5800000, 0x0000000800000000)
  region size 4096K, 1 young (4096K), 1 survivors (4096K)
 Metaspace       used 73699K, committed 74560K, reserved 1179648K
  class space    used 7900K, committed 8320K, reserved 1048576K
}
Event: 19.351 GC heap before
{Heap before GC invocations=25 (full 0):
 garbage-first heap   total 315392K, used 244565K [0x00000006c5800000, 0x0000000800000000)
  region size 4096K, 17 young (69632K), 1 survivors (4096K)
 Metaspace       used 79865K, committed 80768K, reserved 1179648K
  class space    used 8502K, committed 8960K, reserved 1048576K
}
Event: 19.356 GC heap after
{Heap after GC invocations=26 (full 0):
 garbage-first heap   total 393216K, used 180382K [0x00000006c5800000, 0x0000000800000000)
  region size 4096K, 2 young (8192K), 2 survivors (8192K)
 Metaspace       used 79865K, committed 80768K, reserved 1179648K
  class space    used 8502K, committed 8960K, reserved 1048576K
}
Event: 20.730 GC heap before
{Heap before GC invocations=27 (full 0):
 garbage-first heap   total 393216K, used 290974K [0x00000006c5800000, 0x0000000800000000)
  region size 4096K, 29 young (118784K), 2 survivors (8192K)
 Metaspace       used 82063K, committed 82944K, reserved 1179648K
  class space    used 8618K, committed 9088K, reserved 1048576K
}
Event: 20.739 GC heap after
{Heap after GC invocations=28 (full 0):
 garbage-first heap   total 393216K, used 186981K [0x00000006c5800000, 0x0000000800000000)
  region size 4096K, 3 young (12288K), 3 survivors (12288K)
 Metaspace       used 82063K, committed 82944K, reserved 1179648K
  class space    used 8618K, committed 9088K, reserved 1048576K
}
Event: 20.776 GC heap before
{Heap before GC invocations=28 (full 0):
 garbage-first heap   total 393216K, used 191077K [0x00000006c5800000, 0x0000000800000000)
  region size 4096K, 4 young (16384K), 3 survivors (12288K)
 Metaspace       used 82074K, committed 82944K, reserved 1179648K
  class space    used 8618K, committed 9088K, reserved 1048576K
}
Event: 20.791 GC heap after
{Heap after GC invocations=29 (full 0):
 garbage-first heap   total 393216K, used 177129K [0x00000006c5800000, 0x0000000800000000)
  region size 4096K, 1 young (4096K), 1 survivors (4096K)
 Metaspace       used 82074K, committed 82944K, reserved 1179648K
  class space    used 8618K, committed 9088K, reserved 1048576K
}
Event: 21.821 GC heap before
{Heap before GC invocations=29 (full 0):
 garbage-first heap   total 393216K, used 291817K [0x00000006c5800000, 0x0000000800000000)
  region size 4096K, 30 young (122880K), 1 survivors (4096K)
 Metaspace       used 86489K, committed 87424K, reserved 1179648K
  class space    used 8923K, committed 9408K, reserved 1048576K
}
Event: 21.825 GC heap after
{Heap after GC invocations=30 (full 0):
 garbage-first heap   total 393216K, used 179430K [0x00000006c5800000, 0x0000000800000000)
  region size 4096K, 1 young (4096K), 1 survivors (4096K)
 Metaspace       used 86489K, committed 87424K, reserved 1179648K
  class space    used 8923K, committed 9408K, reserved 1048576K
}
Event: 23.120 GC heap before
{Heap before GC invocations=30 (full 0):
 garbage-first heap   total 393216K, used 306406K [0x00000006c5800000, 0x0000000800000000)
  region size 4096K, 32 young (131072K), 1 survivors (4096K)
 Metaspace       used 88149K, committed 89088K, reserved 1179648K
  class space    used 8988K, committed 9472K, reserved 1048576K
}
Event: 23.128 GC heap after
{Heap after GC invocations=31 (full 0):
 garbage-first heap   total 393216K, used 186184K [0x00000006c5800000, 0x0000000800000000)
  region size 4096K, 3 young (12288K), 3 survivors (12288K)
 Metaspace       used 88149K, committed 89088K, reserved 1179648K
  class space    used 8988K, committed 9472K, reserved 1048576K
}
Event: 23.816 GC heap before
{Heap before GC invocations=31 (full 0):
 garbage-first heap   total 393216K, used 309064K [0x00000006c5800000, 0x0000000800000000)
  region size 4096K, 33 young (135168K), 3 survivors (12288K)
 Metaspace       used 88462K, committed 89408K, reserved 1179648K
  class space    used 8992K, committed 9472K, reserved 1048576K
}
Event: 23.828 GC heap after
{Heap after GC invocations=32 (full 0):
 garbage-first heap   total 393216K, used 196233K [0x00000006c5800000, 0x0000000800000000)
  region size 4096K, 5 young (20480K), 5 survivors (20480K)
 Metaspace       used 88462K, committed 89408K, reserved 1179648K
  class space    used 8992K, committed 9472K, reserved 1048576K
}
Event: 24.320 GC heap before
{Heap before GC invocations=32 (full 0):
 garbage-first heap   total 393216K, used 315017K [0x00000006c5800000, 0x0000000800000000)
  region size 4096K, 34 young (139264K), 5 survivors (20480K)
 Metaspace       used 88725K, committed 89664K, reserved 1179648K
  class space    used 9004K, committed 9472K, reserved 1048576K
}
Event: 24.336 GC heap after
{Heap after GC invocations=33 (full 0):
 garbage-first heap   total 393216K, used 202759K [0x00000006c5800000, 0x0000000800000000)
  region size 4096K, 5 young (20480K), 5 survivors (20480K)
 Metaspace       used 88725K, committed 89664K, reserved 1179648K
  class space    used 9004K, committed 9472K, reserved 1048576K
}
Event: 24.729 GC heap before
{Heap before GC invocations=33 (full 0):
 garbage-first heap   total 393216K, used 313351K [0x00000006c5800000, 0x0000000800000000)
  region size 4096K, 32 young (131072K), 5 survivors (20480K)
 Metaspace       used 88805K, committed 89728K, reserved 1179648K
  class space    used 9005K, committed 9472K, reserved 1048576K
}
Event: 24.738 GC heap after
{Heap after GC invocations=34 (full 0):
 garbage-first heap   total 393216K, used 203874K [0x00000006c5800000, 0x0000000800000000)
  region size 4096K, 4 young (16384K), 4 survivors (16384K)
 Metaspace       used 88805K, committed 89728K, reserved 1179648K
  class space    used 9005K, committed 9472K, reserved 1048576K
}
Event: 25.135 GC heap before
{Heap before GC invocations=34 (full 0):
 garbage-first heap   total 393216K, used 318562K [0x00000006c5800000, 0x0000000800000000)
  region size 4096K, 32 young (131072K), 4 survivors (16384K)
 Metaspace       used 88880K, committed 89792K, reserved 1179648K
  class space    used 9008K, committed 9472K, reserved 1048576K
}

